<?xml version="1.0" encoding="UTF-8"?>
<coverage generated="1743385267001" clover="3.2.0">
  <project timestamp="1743385267001" name="All files">
    <metrics statements="12" coveredstatements="12" conditionals="9" coveredconditionals="9" methods="2" coveredmethods="2" elements="23" coveredelements="23" complexity="0" loc="12" ncloc="12" packages="1" files="2" classes="2"/>
    <file name="siameseNumbers.ts" path="/home/valdir/projects/veloon/backend/src/utils/siameseNumbers.ts">
      <metrics statements="4" coveredstatements="4" conditionals="0" coveredconditionals="0" methods="1" coveredmethods="1"/>
      <line num="1" count="1" type="stmt"/>
      <line num="2" count="8" type="stmt"/>
      <line num="3" count="8" type="stmt"/>
      <line num="5" count="8" type="stmt"/>
    </file>
    <file name="validateNumbers.ts" path="/home/valdir/projects/veloon/backend/src/utils/validateNumbers.ts">
      <metrics statements="8" coveredstatements="8" conditionals="9" coveredconditionals="9" methods="1" coveredmethods="1"/>
      <line num="1" count="1" type="stmt"/>
      <line num="5" count="4" type="cond" truecount="3" falsecount="0"/>
      <line num="6" count="1" type="stmt"/>
      <line num="13" count="3" type="cond" truecount="3" falsecount="0"/>
      <line num="14" count="1" type="stmt"/>
      <line num="21" count="2" type="cond" truecount="3" falsecount="0"/>
      <line num="22" count="1" type="stmt"/>
      <line num="29" count="1" type="stmt"/>
    </file>
  </project>
</coverage>
