{"/home/valdir/projects/veloon/backend/src/utils/siameseNumbers.ts": {"path":"/home/valdir/projects/veloon/backend/src/utils/siameseNumbers.ts","statementMap":{"0":{"start":{"line":1,"column":33},"end":{"line":6,"column":1}},"1":{"start":{"line":2,"column":20},"end":{"line":2,"column":61}},"2":{"start":{"line":3,"column":20},"end":{"line":3,"column":61}},"3":{"start":{"line":5,"column":1},"end":{"line":5,"column":null}},"4":{"start":{"line":1,"column":13},"end":{"line":1,"column":33}}},"fnMap":{"0":{"name":"(anonymous_0)","decl":{"start":{"line":1,"column":33},"end":{"line":1,"column":34}},"loc":{"start":{"line":1,"column":73},"end":{"line":6,"column":1}}}},"branchMap":{},"s":{"0":1,"1":8,"2":8,"3":8,"4":1},"f":{"0":8},"b":{}}
,"/home/valdir/projects/veloon/backend/src/utils/validateNumbers.ts": {"path":"/home/valdir/projects/veloon/backend/src/utils/validateNumbers.ts","statementMap":{"0":{"start":{"line":1,"column":31},"end":{"line":30,"column":1}},"1":{"start":{"line":5,"column":1},"end":{"line":11,"column":2}},"2":{"start":{"line":6,"column":2},"end":{"line":10,"column":null}},"3":{"start":{"line":13,"column":1},"end":{"line":19,"column":2}},"4":{"start":{"line":14,"column":2},"end":{"line":18,"column":null}},"5":{"start":{"line":21,"column":1},"end":{"line":27,"column":2}},"6":{"start":{"line":22,"column":2},"end":{"line":26,"column":null}},"7":{"start":{"line":29,"column":1},"end":{"line":29,"column":null}},"8":{"start":{"line":1,"column":13},"end":{"line":1,"column":31}}},"fnMap":{"0":{"name":"(anonymous_0)","decl":{"start":{"line":1,"column":31},"end":{"line":1,"column":null}},"loc":{"start":{"line":4,"column":56},"end":{"line":30,"column":1}}}},"branchMap":{"0":{"loc":{"start":{"line":5,"column":1},"end":{"line":11,"column":2}},"type":"if","locations":[{"start":{"line":5,"column":1},"end":{"line":11,"column":2}}]},"1":{"loc":{"start":{"line":5,"column":5},"end":{"line":5,"column":57}},"type":"binary-expr","locations":[{"start":{"line":5,"column":5},"end":{"line":5,"column":29}},{"start":{"line":5,"column":33},"end":{"line":5,"column":57}}]},"2":{"loc":{"start":{"line":13,"column":1},"end":{"line":19,"column":2}},"type":"if","locations":[{"start":{"line":13,"column":1},"end":{"line":19,"column":2}}]},"3":{"loc":{"start":{"line":13,"column":5},"end":{"line":13,"column":25}},"type":"binary-expr","locations":[{"start":{"line":13,"column":5},"end":{"line":13,"column":13}},{"start":{"line":13,"column":17},"end":{"line":13,"column":25}}]},"4":{"loc":{"start":{"line":21,"column":1},"end":{"line":27,"column":2}},"type":"if","locations":[{"start":{"line":21,"column":1},"end":{"line":27,"column":2}}]},"5":{"loc":{"start":{"line":21,"column":5},"end":{"line":21,"column":63}},"type":"binary-expr","locations":[{"start":{"line":21,"column":5},"end":{"line":21,"column":32}},{"start":{"line":21,"column":36},"end":{"line":21,"column":63}}]}},"s":{"0":1,"1":4,"2":1,"3":3,"4":1,"5":2,"6":1,"7":1,"8":1},"f":{"0":4},"b":{"0":[1],"1":[4,3],"2":[1],"3":[3,2],"4":[1],"5":[2,1]}}
}
